#
# There is insufficient memory for the Java Runtime Environment to continue.
# Native memory allocation (mmap) failed to map 130023424 bytes for G1 virtual space
# Possible reasons:
#   The system is out of physical RAM or swap space
#   The process is running with CompressedOops enabled, and the Java Heap may be blocking the growth of the native heap
# Possible solutions:
#   Reduce memory load on the system
#   Increase physical memory or swap space
#   Check if swap backing store is full
#   Decrease Java heap size (-Xmx/-Xms)
#   Decrease number of Java threads
#   Decrease Java thread stack sizes (-Xss)
#   Set larger code cache with -XX:ReservedCodeCacheSize=
#   JVM is running with Unscaled Compressed Oops mode in which the Java heap is
#     placed in the first 4GB address space. The Java Heap base address is the
#     maximum limit for the native heap growth. Please use -XX:HeapBaseMinAddress
#     to set the Java Heap base and to place the Java Heap above 4GB virtual address.
# This output file may be truncated or incomplete.
#
#  Out of Memory Error (os_windows.cpp:3528), pid=28172, tid=23888
#
# JRE version:  (20.0+36) (build )
# Java VM: Java HotSpot(TM) 64-Bit Server VM (20+36-2344, mixed mode, sharing, tiered, compressed oops, compressed class ptrs, g1 gc, windows-amd64)
# No core dump will be written. Minidumps are not enabled by default on client versions of Windows
#

---------------  S U M M A R Y ------------

Command Line: -Dfile.encoding=UTF-8 --module-path=C:\Users\vasud\OneDrive\Documents\NetBeansProjects\Hotel Management System\build\classes hotel.management.system.AddEmployee

Host: 11th Gen Intel(R) Core(TM) i5-1135G7 @ 2.40GHz, 8 cores, 7G,  Windows 11 , 64 bit Build 22621 (10.0.22621.3374)
Time: Wed May  1 03:02:45 2024 India Standard Time elapsed time: 0.019085 seconds (0d 0h 0m 0s)

---------------  T H R E A D  ---------------

Current thread (0x000001cf22adcb50):  JavaThread "Unknown thread" [_thread_in_vm, id=23888, stack(0x0000006f52900000,0x0000006f52a00000)]

Stack: [0x0000006f52900000,0x0000006f52a00000]
Native frames: (J=compiled Java code, j=interpreted, Vv=VM code, C=native code)
V  [jvm.dll+0x6bb95a]
V  [jvm.dll+0x8483aa]
V  [jvm.dll+0x849fa5]
V  [jvm.dll+0x84a6a3]
V  [jvm.dll+0x280b0f]
V  [jvm.dll+0x6b86e9]
V  [jvm.dll+0x6ad2da]
V  [jvm.dll+0x35adf5]
V  [jvm.dll+0x363016]
V  [jvm.dll+0x3b3b3e]
V  [jvm.dll+0x3b3dc5]
V  [jvm.dll+0x32b50a]
V  [jvm.dll+0x32c32b]
V  [jvm.dll+0x81106f]
V  [jvm.dll+0x3c0d91]
V  [jvm.dll+0x7fcd93]
V  [jvm.dll+0x44c76f]
V  [jvm.dll+0x44e0e1]
C  [jli.dll+0x5287]
C  [ucrtbase.dll+0x29333]
C  [KERNEL32.DLL+0x1257d]
C  [ntdll.dll+0x5aa48]


---------------  P R O C E S S  ---------------

Threads class SMR info:
_java_thread_list=0x00007ffde825a098, length=0, elements={
}

Java Threads: ( => current thread )

Other Threads:
  0x000001cf22b3cff0 WorkerThread "GC Thread#0" [stack: 0x0000006f52a00000,0x0000006f52b00000] [id=1592]
  0x000001cf22b4d700 ConcurrentGCThread "G1 Main Marker" [stack: 0x0000006f52b00000,0x0000006f52c00000] [id=15920]
  0x000001cf22b4e2d0 WorkerThread "G1 Conc#0" [stack: 0x0000006f52c00000,0x0000006f52d00000] [id=22056]

[error occurred during error reporting (printing all threads), id 0xc0000005, EXCEPTION_ACCESS_VIOLATION (0xc0000005) at pc=0x00007ffde7a3eb47]
VM state: not at safepoint (not fully initialized)

VM Mutex/Monitor currently owned by a thread:  ([mutex/lock_event])
[0x000001cf22ad7850] Heap_lock - owner thread: 0x000001cf22adcb50

Heap address: 0x0000000084000000, size: 1984 MB, Compressed Oops mode: 32-bit

CDS archive(s) mapped at: [0x0000000000000000-0x0000000000000000-0x0000000000000000), size 0, SharedBaseAddress: 0x0000000800000000, ArchiveRelocationMode: 0.
Narrow klass base: 0x0000000000000000, Narrow klass shift: 0, Narrow klass range: 0x0

GC Precious Log:
 CardTable entry size: 512
 Card Set container configuration: InlinePtr #cards 5 size 8 Array Of Cards #cards 12 size 40 Howl #buckets 4 coarsen threshold 1843 Howl Bitmap #cards 512 size 80 coarsen threshold 460 Card regions per heap region 1 cards per card region 2048

Heap:
 garbage-first heap   total 0K, used 0K [0x0000000084000000, 0x0000000100000000)
  region size 1024K, 0 young (0K), 0 survivors (0K)

[error occurred during error reporting (printing heap information), id 0xc0000005, EXCEPTION_ACCESS_VIOLATION (0xc0000005) at pc=0x00007ffde7e13c59]
GC Heap History (0 events):
No events

Dll operation events (1 events):
Event: 0.010 Loaded shared library C:\Program Files\Java\jdk-20\bin\java.dll

Deoptimization events (0 events):
No events

Classes loaded (0 events):
No events

Classes unloaded (0 events):
No events

Classes redefined (0 events):
No events

Internal exceptions (0 events):
No events

VM Operations (0 events):
No events

Events (0 events):
No events


Dynamic libraries:
0x00007ff747c00000 - 0x00007ff747c10000 	C:\Program Files\Java\jdk-20\bin\java.exe
0x00007ffe49f50000 - 0x00007ffe4a166000 	C:\WINDOWS\SYSTEM32\ntdll.dll
0x00007ffe49070000 - 0x00007ffe49134000 	C:\WINDOWS\System32\KERNEL32.DLL
0x00007ffe47270000 - 0x00007ffe47617000 	C:\WINDOWS\System32\KERNELBASE.dll
0x00007ffe479d0000 - 0x00007ffe47ae1000 	C:\WINDOWS\System32\ucrtbase.dll
0x00007ffe36c70000 - 0x00007ffe36c8b000 	C:\Program Files\Java\jdk-20\bin\VCRUNTIME140.dll
0x00007ffe370b0000 - 0x00007ffe370c9000 	C:\Program Files\Java\jdk-20\bin\jli.dll
0x00007ffe49950000 - 0x00007ffe49a02000 	C:\WINDOWS\System32\ADVAPI32.dll
0x00007ffe491d0000 - 0x00007ffe49277000 	C:\WINDOWS\System32\msvcrt.dll
0x00007ffe47e70000 - 0x00007ffe47f18000 	C:\WINDOWS\System32\sechost.dll
0x00007ffe47800000 - 0x00007ffe47828000 	C:\WINDOWS\System32\bcrypt.dll
0x00007ffe49bc0000 - 0x00007ffe49cd5000 	C:\WINDOWS\System32\RPCRT4.dll
0x00007ffe49a10000 - 0x00007ffe49bbe000 	C:\WINDOWS\System32\USER32.dll
0x00007ffe479a0000 - 0x00007ffe479c6000 	C:\WINDOWS\System32\win32u.dll
0x00007ffe491a0000 - 0x00007ffe491c9000 	C:\WINDOWS\System32\GDI32.dll
0x00007ffe2a1d0000 - 0x00007ffe2a463000 	C:\WINDOWS\WinSxS\amd64_microsoft.windows.common-controls_6595b64144ccf1df_6.0.22621.3235_none_270f74e173860f98\COMCTL32.dll
0x00007ffe47af0000 - 0x00007ffe47c09000 	C:\WINDOWS\System32\gdi32full.dll
0x00007ffe476e0000 - 0x00007ffe4777a000 	C:\WINDOWS\System32\msvcp_win.dll
0x00007ffe347b0000 - 0x00007ffe347ba000 	C:\WINDOWS\SYSTEM32\VERSION.dll
0x00007ffe47c80000 - 0x00007ffe47cb1000 	C:\WINDOWS\System32\IMM32.DLL
0x00007ffe42030000 - 0x00007ffe4203c000 	C:\Program Files\Java\jdk-20\bin\vcruntime140_1.dll
0x00007ffe06dd0000 - 0x00007ffe06e5e000 	C:\Program Files\Java\jdk-20\bin\msvcp140.dll
0x00007ffde7700000 - 0x00007ffde8397000 	C:\Program Files\Java\jdk-20\bin\server\jvm.dll
0x00007ffe3afe0000 - 0x00007ffe3b014000 	C:\WINDOWS\SYSTEM32\WINMM.dll
0x00007ffe43c40000 - 0x00007ffe43c49000 	C:\WINDOWS\SYSTEM32\WSOCK32.dll
0x00007ffe49d30000 - 0x00007ffe49da1000 	C:\WINDOWS\System32\WS2_32.dll
0x00007ffe462b0000 - 0x00007ffe462c8000 	C:\WINDOWS\SYSTEM32\kernel.appcore.dll
0x00007ffe36c60000 - 0x00007ffe36c6a000 	C:\Program Files\Java\jdk-20\bin\jimage.dll
0x00007ffe44730000 - 0x00007ffe44963000 	C:\WINDOWS\SYSTEM32\DBGHELP.DLL
0x00007ffe48c60000 - 0x00007ffe48fe8000 	C:\WINDOWS\System32\combase.dll
0x00007ffe48af0000 - 0x00007ffe48bc7000 	C:\WINDOWS\System32\OLEAUT32.dll
0x00007ffe208e0000 - 0x00007ffe20912000 	C:\WINDOWS\SYSTEM32\dbgcore.DLL
0x00007ffe47780000 - 0x00007ffe477f9000 	C:\WINDOWS\System32\bcryptPrimitives.dll
0x00007ffe20c70000 - 0x00007ffe20c96000 	C:\Program Files\Java\jdk-20\bin\java.dll

dbghelp: loaded successfully - version: 4.0.5 - missing functions: none
symbol engine: initialized successfully - sym options: 0x614 - pdb path: .;C:\Program Files\Java\jdk-20\bin;C:\WINDOWS\SYSTEM32;C:\WINDOWS\WinSxS\amd64_microsoft.windows.common-controls_6595b64144ccf1df_6.0.22621.3235_none_270f74e173860f98;C:\Program Files\Java\jdk-20\bin\server

VM Arguments:
jvm_args: -Dfile.encoding=UTF-8 --module-path=C:\Users\vasud\OneDrive\Documents\NetBeansProjects\Hotel Management System\build\classes 
java_command: hotel.management.system.AddEmployee
java_class_path (initial): C:\Users\vasud\Downloads\mysql-connector-j-8.3.0;C:\Program Files\mysql-connector-j-8.3.0;C:\Program Files\mysql-connector-j-8.3.0.jar;C:\Users\vasud\OneDrive\Documents\NetBeansProjects\Hotel Management System\build\classes
Launcher Type: SUN_STANDARD

[Global flags]
     intx CICompilerCount                          = 4                                         {product} {ergonomic}
     uint ConcGCThreads                            = 2                                         {product} {ergonomic}
     uint G1ConcRefinementThreads                  = 8                                         {product} {ergonomic}
   size_t G1HeapRegionSize                         = 1048576                                   {product} {ergonomic}
    uintx GCDrainStackTargetSize                   = 64                                        {product} {ergonomic}
   size_t InitialHeapSize                          = 130023424                                 {product} {ergonomic}
   size_t MarkStackSize                            = 4194304                                   {product} {ergonomic}
   size_t MaxHeapSize                              = 2080374784                                {product} {ergonomic}
   size_t MinHeapDeltaBytes                        = 1048576                                   {product} {ergonomic}
   size_t MinHeapSize                              = 8388608                                   {product} {ergonomic}
    uintx NonNMethodCodeHeapSize                   = 5839372                                {pd product} {ergonomic}
    uintx NonProfiledCodeHeapSize                  = 122909434                              {pd product} {ergonomic}
    uintx ProfiledCodeHeapSize                     = 122909434                              {pd product} {ergonomic}
    uintx ReservedCodeCacheSize                    = 251658240                              {pd product} {ergonomic}
     bool SegmentedCodeCache                       = true                                      {product} {ergonomic}
   size_t SoftMaxHeapSize                          = 2080374784                             {manageable} {ergonomic}
     bool UseCompressedClassPointers               = true                           {product lp64_product} {ergonomic}
     bool UseCompressedOops                        = true                           {product lp64_product} {ergonomic}
     bool UseG1GC                                  = true                                      {product} {ergonomic}
     bool UseLargePagesIndividualAllocation        = false                                  {pd product} {ergonomic}

Logging:
Log output configuration:
 #0: stdout all=warning uptime,level,tags foldmultilines=false
 #1: stderr all=off uptime,level,tags foldmultilines=false

Environment Variables:
JAVA_HOME=C:\Program Files\Java\jdk-20
PATH=C:\Program Files (x86)\Microsoft Visual Studio;C:\Program Files\Common Files\Oracle\Java\javapath;C:\WINDOWS\system32;C:\WINDOWS;C:\WINDOWS\System32\Wbem;C:\WINDOWS\System32\WindowsPowerShell\v1.0\;C:\WINDOWS\System32\OpenSSH\;C:\msys64\mingw64\bin;C:\Program Files\Java\jdk-20\bin;C:\Program Files\Git\cmd;C:\Users\vasud\Downloads\Microsoft VS Code\bin;C:\Program Files\nodejs\;C:\Program Files\MySQL\MySQL Shell 8.0\bin\;C:\Users\vasud\AppData\Local\Microsoft\WindowsApps;;C:\Users\vasud\Downloads\Microsoft VS Code\bin;C:\Program Files\JetBrains\IntelliJ IDEA Community Edition 2023.2.2\bin;;C:\Users\vasud\AppData\Roaming\npm
USERNAME=vasud
OS=Windows_NT
PROCESSOR_IDENTIFIER=Intel64 Family 6 Model 140 Stepping 1, GenuineIntel
TMP=C:\Users\vasud\AppData\Local\Temp
TEMP=C:\Users\vasud\AppData\Local\Temp




---------------  S Y S T E M  ---------------

OS:
 Windows 11 , 64 bit Build 22621 (10.0.22621.3374)
OS uptime: 0 days 7:06 hours
Hyper-V role detected

CPU: total 8 (initial active 8) (4 cores per cpu, 2 threads per core) family 6 model 140 stepping 1 microcode 0xac, cx8, cmov, fxsr, ht, mmx, 3dnowpref, sse, sse2, sse3, ssse3, sse4.1, sse4.2, popcnt, lzcnt, tsc, tscinvbit, avx, avx2, aes, erms, clmul, bmi1, bmi2, adx, avx512f, avx512dq, avx512cd, avx512bw, avx512vl, sha, fma, vzeroupper, avx512_vpopcntdq, avx512_vpclmulqdq, avx512_vaes, avx512_vnni, clflush, clflushopt, clwb, avx512_vbmi2, avx512_vbmi, hv, rdtscp, rdpid, fsrm, gfni, avx512_bitalg, f16c, cet_ibt, cet_ss, avx512_ifma

Memory: 4k page, system-wide physical 7932M (459M free)
TotalPageFile size 30363M (AvailPageFile size 77M)
current process WorkingSet (physical memory assigned to process): 11M, peak: 11M
current process commit charge ("private bytes"): 60M, peak: 184M

vm_info: Java HotSpot(TM) 64-Bit Server VM (20+36-2344) for windows-amd64 JRE (20+36-2344), built on 2023-02-10T19:30:15Z by "mach5one" with MS VC++ 17.1 (VS2022)

END.
